<?xml version="1.0" encoding="UTF-8"?>
<!-- Generated by org.testng.reporters.JUnitXMLReporter -->
<testsuite hostname="EPUALVIW1773" ignored="0" name="GmailTest" tests="5" failures="0" timestamp="2019-05-21T16:41:08 EEST" time="32.309" errors="0">
  <testcase name="GmailTest" time="13.832" classname="com.epam.GoogleMailTestSuite"/>
  <testcase name="GmailTest" time="14.391" classname="com.epam.GoogleMailTestSuite"/>
  <testcase name="GmailTest" time="14.76" classname="com.epam.GoogleMailTestSuite"/>
  <testcase name="GmailTest" time="13.342" classname="com.epam.GoogleMailTestSuite"/>
  <testcase name="GmailTest" time="12.913" classname="com.epam.GoogleMailTestSuite"/>
</testsuite> <!-- GmailTest -->
