<?xml version="1.0" encoding="UTF-8"?>
<testng-results skipped="0" failed="0" ignored="0" total="5" passed="5">
  <reporter-output>
  </reporter-output>
  <suite name="GoogleMailTestSuite" duration-ms="32975" started-at="2019-05-21T15:15:46 EEST" finished-at="2019-05-21T15:16:19 EEST">
    <groups>
    </groups>
    <test name="GmailTest" duration-ms="32975" started-at="2019-05-21T15:15:46 EEST" finished-at="2019-05-21T15:16:19 EEST">
      <class name="com.epam.GoogleMailTestSuite">
        <test-method status="PASS" signature="init()[pri:0, instance:com.epam.GoogleMailTestSuite@31610302]" name="init" is-config="true" duration-ms="2993" started-at="2019-05-21T15:15:46 EEST" finished-at="2019-05-21T15:15:49 EEST">
          <reporter-output>
          </reporter-output>
        </test-method> <!-- init -->
        <test-method status="PASS" signature="init()[pri:0, instance:com.epam.GoogleMailTestSuite@31610302]" name="init" is-config="true" duration-ms="2965" started-at="2019-05-21T15:15:46 EEST" finished-at="2019-05-21T15:15:49 EEST">
          <reporter-output>
          </reporter-output>
        </test-method> <!-- init -->
        <test-method status="PASS" signature="init()[pri:0, instance:com.epam.GoogleMailTestSuite@31610302]" name="init" is-config="true" duration-ms="2616" started-at="2019-05-21T15:15:46 EEST" finished-at="2019-05-21T15:15:48 EEST">
          <reporter-output>
          </reporter-output>
        </test-method> <!-- init -->
        <test-method status="PASS" signature="GmailTest(com.epam.model.UserModel)[pri:0, instance:com.epam.GoogleMailTestSuite@31610302]" name="GmailTest" duration-ms="14113" started-at="2019-05-21T15:15:48 EEST" data-provider="loginData" finished-at="2019-05-21T15:16:02 EEST">
          <params>
            <param index="0">
              <value>
                <![CDATA[com.epam.model.UserModel@3be65110]]>
              </value>
            </param>
          </params>
          <reporter-output>
          </reporter-output>
        </test-method> <!-- GmailTest -->
        <test-method status="PASS" signature="GmailTest(com.epam.model.UserModel)[pri:0, instance:com.epam.GoogleMailTestSuite@31610302]" name="GmailTest" duration-ms="14462" started-at="2019-05-21T15:15:49 EEST" data-provider="loginData" finished-at="2019-05-21T15:16:03 EEST">
          <params>
            <param index="0">
              <value>
                <![CDATA[com.epam.model.UserModel@52b680f9]]>
              </value>
            </param>
          </params>
          <reporter-output>
          </reporter-output>
        </test-method> <!-- GmailTest -->
        <test-method status="PASS" signature="GmailTest(com.epam.model.UserModel)[pri:0, instance:com.epam.GoogleMailTestSuite@31610302]" name="GmailTest" duration-ms="14791" started-at="2019-05-21T15:15:49 EEST" data-provider="loginData" finished-at="2019-05-21T15:16:03 EEST">
          <params>
            <param index="0">
              <value>
                <![CDATA[com.epam.model.UserModel@6f601bf7]]>
              </value>
            </param>
          </params>
          <reporter-output>
          </reporter-output>
        </test-method> <!-- GmailTest -->
        <test-method status="PASS" signature="deinit()[pri:0, instance:com.epam.GoogleMailTestSuite@31610302]" name="deinit" is-config="true" duration-ms="0" started-at="2019-05-21T15:16:02 EEST" finished-at="2019-05-21T15:16:02 EEST">
          <reporter-output>
          </reporter-output>
        </test-method> <!-- deinit -->
        <test-method status="PASS" signature="init()[pri:0, instance:com.epam.GoogleMailTestSuite@31610302]" name="init" is-config="true" duration-ms="2172" started-at="2019-05-21T15:16:02 EEST" finished-at="2019-05-21T15:16:04 EEST">
          <reporter-output>
          </reporter-output>
        </test-method> <!-- init -->
        <test-method status="PASS" signature="init()[pri:0, instance:com.epam.GoogleMailTestSuite@31610302]" name="init" is-config="true" duration-ms="2144" started-at="2019-05-21T15:16:03 EEST" finished-at="2019-05-21T15:16:05 EEST">
          <reporter-output>
          </reporter-output>
        </test-method> <!-- init -->
        <test-method status="PASS" signature="deinit()[pri:0, instance:com.epam.GoogleMailTestSuite@31610302]" name="deinit" is-config="true" duration-ms="0" started-at="2019-05-21T15:16:03 EEST" finished-at="2019-05-21T15:16:03 EEST">
          <reporter-output>
          </reporter-output>
        </test-method> <!-- deinit -->
        <test-method status="PASS" signature="deinit()[pri:0, instance:com.epam.GoogleMailTestSuite@31610302]" name="deinit" is-config="true" duration-ms="1" started-at="2019-05-21T15:16:03 EEST" finished-at="2019-05-21T15:16:03 EEST">
          <reporter-output>
          </reporter-output>
        </test-method> <!-- deinit -->
        <test-method status="PASS" signature="GmailTest(com.epam.model.UserModel)[pri:0, instance:com.epam.GoogleMailTestSuite@31610302]" name="GmailTest" duration-ms="13336" started-at="2019-05-21T15:16:04 EEST" data-provider="loginData" finished-at="2019-05-21T15:16:18 EEST">
          <params>
            <param index="0">
              <value>
                <![CDATA[com.epam.model.UserModel@7a2141a]]>
              </value>
            </param>
          </params>
          <reporter-output>
          </reporter-output>
        </test-method> <!-- GmailTest -->
        <test-method status="PASS" signature="GmailTest(com.epam.model.UserModel)[pri:0, instance:com.epam.GoogleMailTestSuite@31610302]" name="GmailTest" duration-ms="13379" started-at="2019-05-21T15:16:05 EEST" data-provider="loginData" finished-at="2019-05-21T15:16:19 EEST">
          <params>
            <param index="0">
              <value>
                <![CDATA[com.epam.model.UserModel@5e85ff47]]>
              </value>
            </param>
          </params>
          <reporter-output>
          </reporter-output>
        </test-method> <!-- GmailTest -->
        <test-method status="PASS" signature="deinit()[pri:0, instance:com.epam.GoogleMailTestSuite@31610302]" name="deinit" is-config="true" duration-ms="0" started-at="2019-05-21T15:16:18 EEST" finished-at="2019-05-21T15:16:18 EEST">
          <reporter-output>
          </reporter-output>
        </test-method> <!-- deinit -->
        <test-method status="PASS" signature="deinit()[pri:0, instance:com.epam.GoogleMailTestSuite@31610302]" name="deinit" is-config="true" duration-ms="0" started-at="2019-05-21T15:16:19 EEST" finished-at="2019-05-21T15:16:19 EEST">
          <reporter-output>
          </reporter-output>
        </test-method> <!-- deinit -->
      </class> <!-- com.epam.GoogleMailTestSuite -->
    </test> <!-- GmailTest -->
  </suite> <!-- GoogleMailTestSuite -->
</testng-results>
